<?xml version="1.0" encoding="UTF-8"?>
<testsuite xmlns:xsi="http://www.w3.org/2001/XMLSchema-instance" xsi:noNamespaceSchemaLocation="https://maven.apache.org/surefire/maven-surefire-plugin/xsd/surefire-test-report.xsd" name="uk.co._4loop.BasicTest" time="0.005" tests="3" errors="0" skipped="1" failures="1">
  <properties>
[...]
</properties>
  <testcase name="successTest" classname="uk.co._4loop.BasicTest" time="0"/>
  <testcase name="disabledTest" classname="uk.co._4loop.BasicTest" time="0">
    <skipped message="Not Implemented"/>
  </testcase>
  <testcase name="failedTest" classname="uk.co._4loop.BasicTest" time="0.001">
    <failure message="a failing test" type="org.opentest4j.AssertionFailedError">org.opentest4j.AssertionFailedError: a failing test
	at uk.co._4loop.BasicTest.failedTest(BasicTest.java:37)
</failure>
    <system-out><![CDATA[BeforeEach setUp
tearDown AfterEach
]]></system-out>
  </testcase>
</testsuite>